<?xml version="1.0" encoding="UTF-8"?>
<!-- Generated by org.testng.reporters.JUnitXMLReporter -->
<testsuite ignored="0" hostname="LAPTOP-PSK043T1" failures="0" tests="17" name="Default test" time="47.033" errors="0" timestamp="2023-05-24T16:10:28 CST">
  <testcase classname="test_android_suite.TestCase_BankAppDemo" name="BAD_01_testStep01" time="12.62"/>
  <testcase classname="test_android_suite.TestCase_BankAppDemo" name="BAD_01_testStep02" time="9.385"/>
  <testcase classname="test_android_suite.TestCase_BankAppDemo" name="BAD_01_testStep03" time="3.207"/>
  <testcase classname="test_android_suite.TestCase_BankAppDemo" name="BAD_01_testStep04" time="1.811"/>
  <testcase classname="test_android_suite.TestCase_BankAppDemo" name="BAD_02_testStep01" time="0.414"/>
  <testcase classname="test_android_suite.TestCase_BankAppDemo" name="BAD_02_testStep02" time="0.437"/>
  <testcase classname="test_android_suite.TestCase_BankAppDemo" name="BAD_02_testStep03" time="0.528"/>
  <testcase classname="test_android_suite.TestCase_BankAppDemo" name="BAD_02_testStep04" time="5.57"/>
  <testcase classname="test_android_suite.TestCase_BankAppDemo" name="BAD_02_testStep05" time="1.139"/>
  <testcase classname="test_android_suite.TestCase_BankAppDemo" name="BAD_03_testStep01" time="0.45"/>
  <testcase classname="test_android_suite.TestCase_BankAppDemo" name="BAD_03_testStep02" time="0.441"/>
  <testcase classname="test_android_suite.TestCase_BankAppDemo" name="BAD_03_testStep03" time="0.691"/>
  <testcase classname="test_android_suite.TestCase_BankAppDemo" name="BAD_03_testStep04" time="1.258"/>
  <testcase classname="test_android_suite.TestCase_BankAppDemo" name="BAD_03_testStep05" time="0.888"/>
  <testcase classname="test_android_suite.TestCase_BankAppDemo" name="BAD_03_testStep06" time="5.486"/>
  <testcase classname="test_android_suite.TestCase_BankAppDemo" name="BAD_03_testStep07" time="1.896"/>
  <testcase classname="test_android_suite.TestCase_BankAppDemo" name="BAD_03_testStep08" time="0.761"/>
</testsuite> <!-- Default test -->
